<?xml version="1.0" encoding="UTF-8"?>
<testsuite xmlns:xsi="http://www.w3.org/2001/XMLSchema-instance" xsi:noNamespaceSchemaLocation="https://maven.apache.org/surefire/maven-surefire-plugin/xsd/surefire-test-report.xsd" name="hn.joan.calculadora_areas.AppTest" time="0.054" tests="12" errors="0" skipped="0" failures="0">
  <properties>
[...]
</properties>
  <testcase name="areaTriangulo1" classname="hn.joan.calculadora_areas.AppTest" time="0.005"/>
  <testcase name="areaTriangulo2" classname="hn.joan.calculadora_areas.AppTest" time="0"/>
  <testcase name="areaTriangulo3" classname="hn.joan.calculadora_areas.AppTest" time="0"/>
  <testcase name="areaRectangulo1" classname="hn.joan.calculadora_areas.AppTest" time="0"/>
  <testcase name="areaRectangulo2" classname="hn.joan.calculadora_areas.AppTest" time="0.001"/>
  <testcase name="areaRectangulo3" classname="hn.joan.calculadora_areas.AppTest" time="0"/>
  <testcase name="areaCuadrado1" classname="hn.joan.calculadora_areas.AppTest" time="0"/>
  <testcase name="areaCuadrado2" classname="hn.joan.calculadora_areas.AppTest" time="0"/>
  <testcase name="areaCuadrado3" classname="hn.joan.calculadora_areas.AppTest" time="0"/>
  <testcase name="areaCirculo1" classname="hn.joan.calculadora_areas.AppTest" time="0.001"/>
  <testcase name="areaCirculo2" classname="hn.joan.calculadora_areas.AppTest" time="0"/>
  <testcase name="areaCirculo3" classname="hn.joan.calculadora_areas.AppTest" time="0"/>
</testsuite>